2021-04-04 00:02:44.948  INFO 14956 --- [main] lavalink.server.Launcher                 : 

[32m       .  [31m _                  _ _       _    [32m__ _ _
[32m      /\\ [31m| | __ ___   ____ _| (_)_ __ | | __[32m\ \ \ \
[32m     ( ( )[31m| |/ _` \ \ / / _` | | | '_ \| |/ /[32m \ \ \ \
[32m      \\/ [31m| | (_| |\ V / (_| | | | | | |   < [32m  ) ) ) )
[32m       '  [31m|_|\__,_| \_/ \__,_|_|_|_| |_|_|\_\[32m / / / /
[0m    =========================================[32m/_/_/_/[0m

	Version:        3.3.2.4
	Build:          1217
	Build time:     01.04.2021 18:32:46 UTC
	Branch          master
	Commit:         8ee4989
	Commit time:    01.04.2021 18:28:40 UTC
	JVM:            11.0.10
	Lavaplayer      1.3.74

2021-04-04 00:02:45.202  WARN 14956 --- [background-preinit] o.s.h.c.j.Jackson2ObjectMapperBuilder    : For Jackson Kotlin classes support please add "com.fasterxml.jackson.module:jackson-module-kotlin" to the classpath
2021-04-04 00:02:45.244  INFO 14956 --- [main] lavalink.server.Launcher                 : Starting Launcher on DESKTOP-U46F9MV with PID 14956 (D:\Discord Bots\Manami\Lavalink.jar started by Luel in D:\Discord Bots\Manami)
2021-04-04 00:02:45.245  INFO 14956 --- [main] lavalink.server.Launcher                 : No active profile set, falling back to default profiles: default
2021-04-04 00:02:48.273  WARN 14956 --- [main] io.undertow.websockets.jsr               : UT026010: Buffer pool was not set on WebSocketDeploymentInfo, the default pool will be used
2021-04-04 00:02:48.314  INFO 14956 --- [main] io.undertow.servlet                      : Initializing Spring embedded WebApplicationContext
2021-04-04 00:02:48.314  INFO 14956 --- [main] o.s.web.context.ContextLoader            : Root WebApplicationContext: initialization completed in 2955 ms
2021-04-04 00:02:48.883  WARN 14956 --- [main] l.server.config.SentryConfiguration      : Turning off sentry
2021-04-04 00:02:50.241  INFO 14956 --- [main] c.s.d.l.tools.GarbageCollectionMonitor   : GC monitoring enabled, reporting results every 2 minutes.
2021-04-04 00:02:50.760  INFO 14956 --- [main] lavalink.server.config.KoeConfiguration  : OS: Windows 10, Arch: amd64
2021-04-04 00:02:50.761  WARN 14956 --- [main] lavalink.server.config.KoeConfiguration  : This system and architecture appears to not support native audio sending! GC pauses may cause your bot to stutter during playback.
2021-04-04 00:02:51.133  INFO 14956 --- [main] o.s.s.concurrent.ThreadPoolTaskExecutor  : Initializing ExecutorService 'applicationTaskExecutor'
2021-04-04 00:02:52.417  INFO 14956 --- [main] org.xnio                                 : XNIO version 3.3.8.Final
2021-04-04 00:02:52.449  INFO 14956 --- [main] org.xnio.nio                             : XNIO NIO Implementation Version 3.3.8.Final
2021-04-04 00:02:52.704  INFO 14956 --- [main] o.s.b.w.e.u.UndertowServletWebServer     : Undertow started on port(s) 2333 (http) with context path ''
2021-04-04 00:02:52.744  INFO 14956 --- [main] lavalink.server.Launcher                 : Started Launcher in 9.329 seconds (JVM running for 12.536)
2021-04-04 00:02:52.747  INFO 14956 --- [main] lavalink.server.Launcher                 : You can safely ignore the big red warning about illegal reflection. See https://github.com/Frederikam/Lavalink/issues/295
2021-04-04 00:02:56.145  INFO 14956 --- [XNIO-1 task-1] io.undertow.servlet                      : Initializing Spring DispatcherServlet 'dispatcherServlet'
2021-04-04 00:02:56.146  INFO 14956 --- [XNIO-1 task-1] o.s.web.servlet.DispatcherServlet        : Initializing Servlet 'dispatcherServlet'
2021-04-04 00:02:56.154  INFO 14956 --- [XNIO-1 task-1] o.s.web.servlet.DispatcherServlet        : Completed initialization in 7 ms
2021-04-04 00:02:56.214  INFO 14956 --- [XNIO-1 task-1] l.server.io.HandshakeInterceptorImpl     : Incoming connection from /127.0.0.1:61054
2021-04-04 00:02:56.409  INFO 14956 --- [XNIO-1 task-1] lavalink.server.io.SocketServer          : Connection successfully established from /127.0.0.1:61054
2021-04-04 00:03:48.666  INFO 14956 --- [XNIO-1 I/O-2] lavalink.server.io.SocketServer          : Connection closed from /127.0.0.1:61054 -- CloseStatus[code=1006, reason=]
2021-04-04 00:03:48.667  INFO 14956 --- [XNIO-1 I/O-2] lavalink.server.io.SocketContext         : Shutting down 0 playing players.
2021-04-04 00:03:52.757  INFO 14956 --- [XNIO-1 task-2] l.server.io.HandshakeInterceptorImpl     : Incoming connection from /127.0.0.1:61112
2021-04-04 00:03:52.768  INFO 14956 --- [XNIO-1 task-2] lavalink.server.io.SocketServer          : Connection successfully established from /127.0.0.1:61112
2021-04-04 00:04:39.946  INFO 14956 --- [XNIO-1 I/O-4] lavalink.server.io.SocketServer          : Connection closed from /127.0.0.1:61112 -- CloseStatus[code=1006, reason=]
2021-04-04 00:04:39.948  INFO 14956 --- [XNIO-1 I/O-4] lavalink.server.io.SocketContext         : Shutting down 0 playing players.
2021-04-04 00:04:44.142  INFO 14956 --- [XNIO-1 task-3] l.server.io.HandshakeInterceptorImpl     : Incoming connection from /127.0.0.1:61203
2021-04-04 00:04:44.146  INFO 14956 --- [XNIO-1 task-3] lavalink.server.io.SocketServer          : Connection successfully established from /127.0.0.1:61203
